15:11:53 **** Incremental Build of configuration Debug for project 7 seg display_counter mode ****
make -j4 all 
arm-none-eabi-gcc "../Core/Src/main.c" -mcpu=cortex-m4 -std=gnu11 -g3 -DDEBUG -DUSE_HAL_DRIVER -DSTM32L476xx -c -I../Core/Inc -I../Drivers/STM32L4xx_HAL_Driver/Inc -I../Drivers/STM32L4xx_HAL_Driver/Inc/Legacy -I../Drivers/CMSIS/Device/ST/STM32L4xx/Include -I../Drivers/CMSIS/Include -O0 -ffunction-sections -fdata-sections -Wall -fstack-usage -fcyclomatic-complexity -MMD -MP -MF"Core/Src/main.d" -MT"Core/Src/main.o" --specs=nano.specs -mfpu=fpv4-sp-d16 -mfloat-abi=hard -mthumb -o "Core/Src/main.o"
../Core/Src/main.c: In function 'main':
../Core/Src/main.c:125:11: warning: implicit declaration of function 'SegDisplay'; did you mean 'SegDisplay_U'? [-Wimplicit-function-declaration]
  125 |           SegDisplay(GPIOC, j);
      |           ^~~~~~~~~~
      |           SegDisplay_U
../Core/Src/main.c: In function 'BCD':
../Core/Src/main.c:236:11: warning: implicit declaration of function 'HAL_GPIO_ResetBits'; did you mean 'HAL_GPIO_ReadPin'? [-Wimplicit-function-declaration]
  236 |   case 0: HAL_GPIO_ResetBits(GPIOx, Bit_A|Bit_B|Bit_C|Bit_D);
      |           ^~~~~~~~~~~~~~~~~~
      |           HAL_GPIO_ReadPin
../Core/Src/main.c:238:11: warning: implicit declaration of function 'HAL_GPIO_SetBits'; did you mean 'HAL_GPIO_DeInit'? [-Wimplicit-function-declaration]
  238 |   case 1: HAL_GPIO_SetBits(GPIOx, Bit_A);
      |           ^~~~~~~~~~~~~~~~
      |           HAL_GPIO_DeInit
../Core/Src/main.c: At top level:
../Core/Src/main.c:287:6: warning: conflicting types for 'SegDisplay'; have 'void(GPIO_TypeDef *, uint16_t)' {aka 'void(GPIO_TypeDef *, short unsigned int)'}
  287 | void SegDisplay(GPIO_TypeDef* GPIOx, uint16_t chiffre)
      |      ^~~~~~~~~~
../Core/Src/main.c:125:11: note: previous implicit declaration of 'SegDisplay' with type 'void(GPIO_TypeDef *, uint16_t)' {aka 'void(GPIO_TypeDef *, short unsigned int)'}
  125 |           SegDisplay(GPIOC, j);
      |           ^~~~~~~~~~
../Core/Src/main.c: In function 'SegDisplay':
../Core/Src/main.c:339:10: warning: implicit declaration of function 'GPIO_ResetBits' [-Wimplicit-function-declaration]
  339 |          GPIO_ResetBits(GPIOx,SEGMENT_A|SEGMENT_B|SEGMENT_C|SEGMENT_D |SEGMENT_E | SEGMENT_F  );
      |          ^~~~~~~~~~~~~~
arm-none-eabi-gcc -o "7 seg display_counter mode.elf" @"objects.list"   -mcpu=cortex-m4 -T"C:\Users\User\STM32CubeIDE\STM32_CubeIDE_Workspace\7 seg display_counter mode\STM32L476RGTX_FLASH.ld" --specs=nosys.specs -Wl,-Map="7 seg display_counter mode.map" -Wl,--gc-sections -static --specs=nano.specs -mfpu=fpv4-sp-d16 -mfloat-abi=hard -mthumb -Wl,--start-group -lc -lm -Wl,--end-group
C:/ST/STM32CubeIDE_1.13.2/STM32CubeIDE/plugins/com.st.stm32cube.ide.mcu.externaltools.gnu-tools-for-stm32.11.3.rel1.win32_1.1.1.202309131626/tools/bin/../lib/gcc/arm-none-eabi/11.3.1/../../../../arm-none-eabi/bin/ld.exe: ./Core/Src/main.o: in function `BCD':
C:/Users/User/STM32CubeIDE/STM32_CubeIDE_Workspace/7 seg display_counter mode/Debug/../Core/Src/main.c:236: undefined reference to `HAL_GPIO_ResetBits'
C:/ST/STM32CubeIDE_1.13.2/STM32CubeIDE/plugins/com.st.stm32cube.ide.mcu.externaltools.gnu-tools-for-stm32.11.3.rel1.win32_1.1.1.202309131626/tools/bin/../lib/gcc/arm-none-eabi/11.3.1/../../../../arm-none-eabi/bin/ld.exe: C:/Users/User/STM32CubeIDE/STM32_CubeIDE_Workspace/7 seg display_counter mode/Debug/../Core/Src/main.c:238: undefined reference to `HAL_GPIO_SetBits'
C:/ST/STM32CubeIDE_1.13.2/STM32CubeIDE/plugins/com.st.stm32cube.ide.mcu.externaltools.gnu-tools-for-stm32.11.3.rel1.win32_1.1.1.202309131626/tools/bin/../lib/gcc/arm-none-eabi/11.3.1/../../../../arm-none-eabi/bin/ld.exe: C:/Users/User/STM32CubeIDE/STM32_CubeIDE_Workspace/7 seg display_counter mode/Debug/../Core/Src/main.c:239: undefined reference to `HAL_GPIO_ResetBits'
C:/ST/STM32CubeIDE_1.13.2/STM32CubeIDE/plugins/com.st.stm32cube.ide.mcu.externaltools.gnu-tools-for-stm32.11.3.rel1.win32_1.1.1.202309131626/tools/bin/../lib/gcc/arm-none-eabi/11.3.1/../../../../arm-none-eabi/bin/ld.exe: C:/Users/User/STM32CubeIDE/STM32_CubeIDE_Workspace/7 seg display_counter mode/Debug/../Core/Src/main.c:241: undefined reference to `HAL_GPIO_SetBits'
C:/ST/STM32CubeIDE_1.13.2/STM32CubeIDE/plugins/com.st.stm32cube.ide.mcu.externaltools.gnu-tools-for-stm32.11.3.rel1.win32_1.1.1.202309131626/tools/bin/../lib/gcc/arm-none-eabi/11.3.1/../../../../arm-none-eabi/bin/ld.exe: C:/Users/User/STM32CubeIDE/STM32_CubeIDE_Workspace/7 seg display_counter mode/Debug/../Core/Src/main.c:242: undefined reference to `HAL_GPIO_ResetBits'
C:/ST/STM32CubeIDE_1.13.2/STM32CubeIDE/plugins/com.st.stm32cube.ide.mcu.externaltools.gnu-tools-for-stm32.11.3.rel1.win32_1.1.1.202309131626/tools/bin/../lib/gcc/arm-none-eabi/11.3.1/../../../../arm-none-eabi/bin/ld.exe: C:/Users/User/STM32CubeIDE/STM32_CubeIDE_Workspace/7 seg display_counter mode/Debug/../Core/Src/main.c:244: undefined reference to `HAL_GPIO_SetBits'
C:/ST/STM32CubeIDE_1.13.2/STM32CubeIDE/plugins/com.st.stm32cube.ide.mcu.externaltools.gnu-tools-for-stm32.11.3.rel1.win32_1.1.1.202309131626/tools/bin/../lib/gcc/arm-none-eabi/11.3.1/../../../../arm-none-eabi/bin/ld.exe: C:/Users/User/STM32CubeIDE/STM32_CubeIDE_Workspace/7 seg display_counter mode/Debug/../Core/Src/main.c:245: undefined reference to `HAL_GPIO_ResetBits'
C:/ST/STM32CubeIDE_1.13.2/STM32CubeIDE/plugins/com.st.stm32cube.ide.mcu.externaltools.gnu-tools-for-stm32.11.3.rel1.win32_1.1.1.202309131626/tools/bin/../lib/gcc/arm-none-eabi/11.3.1/../../../../arm-none-eabi/bin/ld.exe: C:/Users/User/STM32CubeIDE/STM32_CubeIDE_Workspace/7 seg display_counter mode/Debug/../Core/Src/main.c:247: undefined reference to `HAL_GPIO_SetBits'
C:/ST/STM32CubeIDE_1.13.2/STM32CubeIDE/plugins/com.st.stm32cube.ide.mcu.externaltools.gnu-tools-for-stm32.11.3.rel1.win32_1.1.1.202309131626/tools/bin/../lib/gcc/arm-none-eabi/11.3.1/../../../../arm-none-eabi/bin/ld.exe: C:/Users/User/STM32CubeIDE/STM32_CubeIDE_Workspace/7 seg display_counter mode/Debug/../Core/Src/main.c:248: undefined reference to `HAL_GPIO_ResetBits'
C:/ST/STM32CubeIDE_1.13.2/STM32CubeIDE/plugins/com.st.stm32cube.ide.mcu.externaltools.gnu-tools-for-stm32.11.3.rel1.win32_1.1.1.202309131626/tools/bin/../lib/gcc/arm-none-eabi/11.3.1/../../../../arm-none-eabi/bin/ld.exe: C:/Users/User/STM32CubeIDE/STM32_CubeIDE_Workspace/7 seg display_counter mode/Debug/../Core/Src/main.c:250: undefined reference to `HAL_GPIO_SetBits'
C:/ST/STM32CubeIDE_1.13.2/STM32CubeIDE/plugins/com.st.stm32cube.ide.mcu.externaltools.gnu-tools-for-stm32.11.3.rel1.win32_1.1.1.202309131626/tools/bin/../lib/gcc/arm-none-eabi/11.3.1/../../../../arm-none-eabi/bin/ld.exe: C:/Users/User/STM32CubeIDE/STM32_CubeIDE_Workspace/7 seg display_counter mode/Debug/../Core/Src/main.c:251: undefined reference to `HAL_GPIO_ResetBits'
C:/ST/STM32CubeIDE_1.13.2/STM32CubeIDE/plugins/com.st.stm32cube.ide.mcu.externaltools.gnu-tools-for-stm32.11.3.rel1.win32_1.1.1.202309131626/tools/bin/../lib/gcc/arm-none-eabi/11.3.1/../../../../arm-none-eabi/bin/ld.exe: C:/Users/User/STM32CubeIDE/STM32_CubeIDE_Workspace/7 seg display_counter mode/Debug/../Core/Src/main.c:253: undefined reference to `HAL_GPIO_SetBits'
C:/ST/STM32CubeIDE_1.13.2/STM32CubeIDE/plugins/com.st.stm32cube.ide.mcu.externaltools.gnu-tools-for-stm32.11.3.rel1.win32_1.1.1.202309131626/tools/bin/../lib/gcc/arm-none-eabi/11.3.1/../../../../arm-none-eabi/bin/ld.exe: C:/Users/User/STM32CubeIDE/STM32_CubeIDE_Workspace/7 seg display_counter mode/Debug/../Core/Src/main.c:254: undefined reference to `HAL_GPIO_ResetBits'
C:/ST/STM32CubeIDE_1.13.2/STM32CubeIDE/plugins/com.st.stm32cube.ide.mcu.externaltools.gnu-tools-for-stm32.11.3.rel1.win32_1.1.1.202309131626/tools/bin/../lib/gcc/arm-none-eabi/11.3.1/../../../../arm-none-eabi/bin/ld.exe: C:/Users/User/STM32CubeIDE/STM32_CubeIDE_Workspace/7 seg display_counter mode/Debug/../Core/Src/main.c:256: undefined reference to `HAL_GPIO_SetBits'
C:/ST/STM32CubeIDE_1.13.2/STM32CubeIDE/plugins/com.st.stm32cube.ide.mcu.externaltools.gnu-tools-for-stm32.11.3.rel1.win32_1.1.1.202309131626/tools/bin/../lib/gcc/arm-none-eabi/11.3.1/../../../../arm-none-eabi/bin/ld.exe: C:/Users/User/STM32CubeIDE/STM32_CubeIDE_Workspace/7 seg display_counter mode/Debug/../Core/Src/main.c:257: undefined reference to `HAL_GPIO_ResetBits'
C:/ST/STM32CubeIDE_1.13.2/STM32CubeIDE/plugins/com.st.stm32cube.ide.mcu.externaltools.gnu-tools-for-stm32.11.3.rel1.win32_1.1.1.202309131626/tools/bin/../lib/gcc/arm-none-eabi/11.3.1/../../../../arm-none-eabi/bin/ld.exe: C:/Users/User/STM32CubeIDE/STM32_CubeIDE_Workspace/7 seg display_counter mode/Debug/../Core/Src/main.c:259: undefined reference to `HAL_GPIO_SetBits'
C:/ST/STM32CubeIDE_1.13.2/STM32CubeIDE/plugins/com.st.stm32cube.ide.mcu.externaltools.gnu-tools-for-stm32.11.3.rel1.win32_1.1.1.202309131626/tools/bin/../lib/gcc/arm-none-eabi/11.3.1/../../../../arm-none-eabi/bin/ld.exe: C:/Users/User/STM32CubeIDE/STM32_CubeIDE_Workspace/7 seg display_counter mode/Debug/../Core/Src/main.c:260: undefined reference to `HAL_GPIO_ResetBits'
C:/ST/STM32CubeIDE_1.13.2/STM32CubeIDE/plugins/com.st.stm32cube.ide.mcu.externaltools.gnu-tools-for-stm32.11.3.rel1.win32_1.1.1.202309131626/tools/bin/../lib/gcc/arm-none-eabi/11.3.1/../../../../arm-none-eabi/bin/ld.exe: C:/Users/User/STM32CubeIDE/STM32_CubeIDE_Workspace/7 seg display_counter mode/Debug/../Core/Src/main.c:262: undefined reference to `HAL_GPIO_SetBits'
C:/ST/STM32CubeIDE_1.13.2/STM32CubeIDE/plugins/com.st.stm32cube.ide.mcu.externaltools.gnu-tools-for-stm32.11.3.rel1.win32_1.1.1.202309131626/tools/bin/../lib/gcc/arm-none-eabi/11.3.1/../../../../arm-none-eabi/bin/ld.exe: C:/Users/User/STM32CubeIDE/STM32_CubeIDE_Workspace/7 seg display_counter mode/Debug/../Core/Src/main.c:263: undefined reference to `HAL_GPIO_ResetBits'
C:/ST/STM32CubeIDE_1.13.2/STM32CubeIDE/plugins/com.st.stm32cube.ide.mcu.externaltools.gnu-tools-for-stm32.11.3.rel1.win32_1.1.1.202309131626/tools/bin/../lib/gcc/arm-none-eabi/11.3.1/../../../../arm-none-eabi/bin/ld.exe: C:/Users/User/STM32CubeIDE/STM32_CubeIDE_Workspace/7 seg display_counter mode/Debug/../Core/Src/main.c:265: undefined reference to `HAL_GPIO_SetBits'
C:/ST/STM32CubeIDE_1.13.2/STM32CubeIDE/plugins/com.st.stm32cube.ide.mcu.externaltools.gnu-tools-for-stm32.11.3.rel1.win32_1.1.1.202309131626/tools/bin/../lib/gcc/arm-none-eabi/11.3.1/../../../../arm-none-eabi/bin/ld.exe: C:/Users/User/STM32CubeIDE/STM32_CubeIDE_Workspace/7 seg display_counter mode/Debug/../Core/Src/main.c:266: undefined reference to `HAL_GPIO_ResetBits'
C:/ST/STM32CubeIDE_1.13.2/STM32CubeIDE/plugins/com.st.stm32cube.ide.mcu.externaltools.gnu-tools-for-stm32.11.3.rel1.win32_1.1.1.202309131626/tools/bin/../lib/gcc/arm-none-eabi/11.3.1/../../../../arm-none-eabi/bin/ld.exe: C:/Users/User/STM32CubeIDE/STM32_CubeIDE_Workspace/7 seg display_counter mode/Debug/../Core/Src/main.c:268: undefined reference to `HAL_GPIO_SetBits'
C:/ST/STM32CubeIDE_1.13.2/STM32CubeIDE/plugins/com.st.stm32cube.ide.mcu.externaltools.gnu-tools-for-stm32.11.3.rel1.win32_1.1.1.202309131626/tools/bin/../lib/gcc/arm-none-eabi/11.3.1/../../../../arm-none-eabi/bin/ld.exe: C:/Users/User/STM32CubeIDE/STM32_CubeIDE_Workspace/7 seg display_counter mode/Debug/../Core/Src/main.c:269: undefined reference to `HAL_GPIO_ResetBits'
C:/ST/STM32CubeIDE_1.13.2/STM32CubeIDE/plugins/com.st.stm32cube.ide.mcu.externaltools.gnu-tools-for-stm32.11.3.rel1.win32_1.1.1.202309131626/tools/bin/../lib/gcc/arm-none-eabi/11.3.1/../../../../arm-none-eabi/bin/ld.exe: C:/Users/User/STM32CubeIDE/STM32_CubeIDE_Workspace/7 seg display_counter mode/Debug/../Core/Src/main.c:271: undefined reference to `HAL_GPIO_SetBits'
C:/ST/STM32CubeIDE_1.13.2/STM32CubeIDE/plugins/com.st.stm32cube.ide.mcu.externaltools.gnu-tools-for-stm32.11.3.rel1.win32_1.1.1.202309131626/tools/bin/../lib/gcc/arm-none-eabi/11.3.1/../../../../arm-none-eabi/bin/ld.exe: C:/Users/User/STM32CubeIDE/STM32_CubeIDE_Workspace/7 seg display_counter mode/Debug/../Core/Src/main.c:272: undefined reference to `HAL_GPIO_ResetBits'
C:/ST/STM32CubeIDE_1.13.2/STM32CubeIDE/plugins/com.st.stm32cube.ide.mcu.externaltools.gnu-tools-for-stm32.11.3.rel1.win32_1.1.1.202309131626/tools/bin/../lib/gcc/arm-none-eabi/11.3.1/../../../../arm-none-eabi/bin/ld.exe: C:/Users/User/STM32CubeIDE/STM32_CubeIDE_Workspace/7 seg display_counter mode/Debug/../Core/Src/main.c:274: undefined reference to `HAL_GPIO_SetBits'
C:/ST/STM32CubeIDE_1.13.2/STM32CubeIDE/plugins/com.st.stm32cube.ide.mcu.externaltools.gnu-tools-for-stm32.11.3.rel1.win32_1.1.1.202309131626/tools/bin/../lib/gcc/arm-none-eabi/11.3.1/../../../../arm-none-eabi/bin/ld.exe: C:/Users/User/STM32CubeIDE/STM32_CubeIDE_Workspace/7 seg display_counter mode/Debug/../Core/Src/main.c:275: undefined reference to `HAL_GPIO_ResetBits'
C:/ST/STM32CubeIDE_1.13.2/STM32CubeIDE/plugins/com.st.stm32cube.ide.mcu.externaltools.gnu-tools-for-stm32.11.3.rel1.win32_1.1.1.202309131626/tools/bin/../lib/gcc/arm-none-eabi/11.3.1/../../../../arm-none-eabi/bin/ld.exe: C:/Users/User/STM32CubeIDE/STM32_CubeIDE_Workspace/7 seg display_counter mode/Debug/../Core/Src/main.c:277: undefined reference to `HAL_GPIO_SetBits'
C:/ST/STM32CubeIDE_1.13.2/STM32CubeIDE/plugins/com.st.stm32cube.ide.mcu.externaltools.gnu-tools-for-stm32.11.3.rel1.win32_1.1.1.202309131626/tools/bin/../lib/gcc/arm-none-eabi/11.3.1/../../../../arm-none-eabi/bin/ld.exe: C:/Users/User/STM32CubeIDE/STM32_CubeIDE_Workspace/7 seg display_counter mode/Debug/../Core/Src/main.c:278: undefined reference to `HAL_GPIO_ResetBits'
C:/ST/STM32CubeIDE_1.13.2/STM32CubeIDE/plugins/com.st.stm32cube.ide.mcu.externaltools.gnu-tools-for-stm32.11.3.rel1.win32_1.1.1.202309131626/tools/bin/../lib/gcc/arm-none-eabi/11.3.1/../../../../arm-none-eabi/bin/ld.exe: C:/Users/User/STM32CubeIDE/STM32_CubeIDE_Workspace/7 seg display_counter mode/Debug/../Core/Src/main.c:280: undefined reference to `HAL_GPIO_SetBits'
C:/ST/STM32CubeIDE_1.13.2/STM32CubeIDE/plugins/com.st.stm32cube.ide.mcu.externaltools.gnu-tools-for-stm32.11.3.rel1.win32_1.1.1.202309131626/tools/bin/../lib/gcc/arm-none-eabi/11.3.1/../../../../arm-none-eabi/bin/ld.exe: C:/Users/User/STM32CubeIDE/STM32_CubeIDE_Workspace/7 seg display_counter mode/Debug/../Core/Src/main.c:282: undefined reference to `HAL_GPIO_ResetBits'
C:/ST/STM32CubeIDE_1.13.2/STM32CubeIDE/plugins/com.st.stm32cube.ide.mcu.externaltools.gnu-tools-for-stm32.11.3.rel1.win32_1.1.1.202309131626/tools/bin/../lib/gcc/arm-none-eabi/11.3.1/../../../../arm-none-eabi/bin/ld.exe: ./Core/Src/main.o: in function `SegDisplay':
C:/Users/User/STM32CubeIDE/STM32_CubeIDE_Workspace/7 seg display_counter mode/Debug/../Core/Src/main.c:290: undefined reference to `HAL_GPIO_SetBits'
C:/ST/STM32CubeIDE_1.13.2/STM32CubeIDE/plugins/com.st.stm32cube.ide.mcu.externaltools.gnu-tools-for-stm32.11.3.rel1.win32_1.1.1.202309131626/tools/bin/../lib/gcc/arm-none-eabi/11.3.1/../../../../arm-none-eabi/bin/ld.exe: C:/Users/User/STM32CubeIDE/STM32_CubeIDE_Workspace/7 seg display_counter mode/Debug/../Core/Src/main.c:291: undefined reference to `HAL_GPIO_ResetBits'
C:/ST/STM32CubeIDE_1.13.2/STM32CubeIDE/plugins/com.st.stm32cube.ide.mcu.externaltools.gnu-tools-for-stm32.11.3.rel1.win32_1.1.1.202309131626/tools/bin/../lib/gcc/arm-none-eabi/11.3.1/../../../../arm-none-eabi/bin/ld.exe: C:/Users/User/STM32CubeIDE/STM32_CubeIDE_Workspace/7 seg display_counter mode/Debug/../Core/Src/main.c:293: undefined reference to `HAL_GPIO_SetBits'
C:/ST/STM32CubeIDE_1.13.2/STM32CubeIDE/plugins/com.st.stm32cube.ide.mcu.externaltools.gnu-tools-for-stm32.11.3.rel1.win32_1.1.1.202309131626/tools/bin/../lib/gcc/arm-none-eabi/11.3.1/../../../../arm-none-eabi/bin/ld.exe: C:/Users/User/STM32CubeIDE/STM32_CubeIDE_Workspace/7 seg display_counter mode/Debug/../Core/Src/main.c:294: undefined reference to `HAL_GPIO_ResetBits'
C:/ST/STM32CubeIDE_1.13.2/STM32CubeIDE/plugins/com.st.stm32cube.ide.mcu.externaltools.gnu-tools-for-stm32.11.3.rel1.win32_1.1.1.202309131626/tools/bin/../lib/gcc/arm-none-eabi/11.3.1/../../../../arm-none-eabi/bin/ld.exe: C:/Users/User/STM32CubeIDE/STM32_CubeIDE_Workspace/7 seg display_counter mode/Debug/../Core/Src/main.c:296: undefined reference to `HAL_GPIO_SetBits'
C:/ST/STM32CubeIDE_1.13.2/STM32CubeIDE/plugins/com.st.stm32cube.ide.mcu.externaltools.gnu-tools-for-stm32.11.3.rel1.win32_1.1.1.202309131626/tools/bin/../lib/gcc/arm-none-eabi/11.3.1/../../../../arm-none-eabi/bin/ld.exe: C:/Users/User/STM32CubeIDE/STM32_CubeIDE_Workspace/7 seg display_counter mode/Debug/../Core/Src/main.c:297: undefined reference to `HAL_GPIO_ResetBits'
C:/ST/STM32CubeIDE_1.13.2/STM32CubeIDE/plugins/com.st.stm32cube.ide.mcu.externaltools.gnu-tools-for-stm32.11.3.rel1.win32_1.1.1.202309131626/tools/bin/../lib/gcc/arm-none-eabi/11.3.1/../../../../arm-none-eabi/bin/ld.exe: C:/Users/User/STM32CubeIDE/STM32_CubeIDE_Workspace/7 seg display_counter mode/Debug/../Core/Src/main.c:299: undefined reference to `HAL_GPIO_SetBits'
C:/ST/STM32CubeIDE_1.13.2/STM32CubeIDE/plugins/com.st.stm32cube.ide.mcu.externaltools.gnu-tools-for-stm32.11.3.rel1.win32_1.1.1.202309131626/tools/bin/../lib/gcc/arm-none-eabi/11.3.1/../../../../arm-none-eabi/bin/ld.exe: C:/Users/User/STM32CubeIDE/STM32_CubeIDE_Workspace/7 seg display_counter mode/Debug/../Core/Src/main.c:300: undefined reference to `HAL_GPIO_ResetBits'
C:/ST/STM32CubeIDE_1.13.2/STM32CubeIDE/plugins/com.st.stm32cube.ide.mcu.externaltools.gnu-tools-for-stm32.11.3.rel1.win32_1.1.1.202309131626/tools/bin/../lib/gcc/arm-none-eabi/11.3.1/../../../../arm-none-eabi/bin/ld.exe: C:/Users/User/STM32CubeIDE/STM32_CubeIDE_Workspace/7 seg display_counter mode/Debug/../Core/Src/main.c:302: undefined reference to `HAL_GPIO_SetBits'
C:/ST/STM32CubeIDE_1.13.2/STM32CubeIDE/plugins/com.st.stm32cube.ide.mcu.externaltools.gnu-tools-for-stm32.11.3.rel1.win32_1.1.1.202309131626/tools/bin/../lib/gcc/arm-none-eabi/11.3.1/../../../../arm-none-eabi/bin/ld.exe: C:/Users/User/STM32CubeIDE/STM32_CubeIDE_Workspace/7 seg display_counter mode/Debug/../Core/Src/main.c:303: undefined reference to `HAL_GPIO_ResetBits'
C:/ST/STM32CubeIDE_1.13.2/STM32CubeIDE/plugins/com.st.stm32cube.ide.mcu.externaltools.gnu-tools-for-stm32.11.3.rel1.win32_1.1.1.202309131626/tools/bin/../lib/gcc/arm-none-eabi/11.3.1/../../../../arm-none-eabi/bin/ld.exe: C:/Users/User/STM32CubeIDE/STM32_CubeIDE_Workspace/7 seg display_counter mode/Debug/../Core/Src/main.c:305: undefined reference to `HAL_GPIO_SetBits'
C:/ST/STM32CubeIDE_1.13.2/STM32CubeIDE/plugins/com.st.stm32cube.ide.mcu.externaltools.gnu-tools-for-stm32.11.3.rel1.win32_1.1.1.202309131626/tools/bin/../lib/gcc/arm-none-eabi/11.3.1/../../../../arm-none-eabi/bin/ld.exe: C:/Users/User/STM32CubeIDE/STM32_CubeIDE_Workspace/7 seg display_counter mode/Debug/../Core/Src/main.c:306: undefined reference to `HAL_GPIO_ResetBits'
C:/ST/STM32CubeIDE_1.13.2/STM32CubeIDE/plugins/com.st.stm32cube.ide.mcu.externaltools.gnu-tools-for-stm32.11.3.rel1.win32_1.1.1.202309131626/tools/bin/../lib/gcc/arm-none-eabi/11.3.1/../../../../arm-none-eabi/bin/ld.exe: C:/Users/User/STM32CubeIDE/STM32_CubeIDE_Workspace/7 seg display_counter mode/Debug/../Core/Src/main.c:308: undefined reference to `HAL_GPIO_SetBits'
C:/ST/STM32CubeIDE_1.13.2/STM32CubeIDE/plugins/com.st.stm32cube.ide.mcu.externaltools.gnu-tools-for-stm32.11.3.rel1.win32_1.1.1.202309131626/tools/bin/../lib/gcc/arm-none-eabi/11.3.1/../../../../arm-none-eabi/bin/ld.exe: C:/Users/User/STM32CubeIDE/STM32_CubeIDE_Workspace/7 seg display_counter mode/Debug/../Core/Src/main.c:309: undefined reference to `HAL_GPIO_ResetBits'
C:/ST/STM32CubeIDE_1.13.2/STM32CubeIDE/plugins/com.st.stm32cube.ide.mcu.externaltools.gnu-tools-for-stm32.11.3.rel1.win32_1.1.1.202309131626/tools/bin/../lib/gcc/arm-none-eabi/11.3.1/../../../../arm-none-eabi/bin/ld.exe: C:/Users/User/STM32CubeIDE/STM32_CubeIDE_Workspace/7 seg display_counter mode/Debug/../Core/Src/main.c:311: undefined reference to `HAL_GPIO_SetBits'
C:/ST/STM32CubeIDE_1.13.2/STM32CubeIDE/plugins/com.st.stm32cube.ide.mcu.externaltools.gnu-tools-for-stm32.11.3.rel1.win32_1.1.1.202309131626/tools/bin/../lib/gcc/arm-none-eabi/11.3.1/../../../../arm-none-eabi/bin/ld.exe: C:/Users/User/STM32CubeIDE/STM32_CubeIDE_Workspace/7 seg display_counter mode/Debug/../Core/Src/main.c:312: undefined reference to `HAL_GPIO_ResetBits'
C:/ST/STM32CubeIDE_1.13.2/STM32CubeIDE/plugins/com.st.stm32cube.ide.mcu.externaltools.gnu-tools-for-stm32.11.3.rel1.win32_1.1.1.202309131626/tools/bin/../lib/gcc/arm-none-eabi/11.3.1/../../../../arm-none-eabi/bin/ld.exe: C:/Users/User/STM32CubeIDE/STM32_CubeIDE_Workspace/7 seg display_counter mode/Debug/../Core/Src/main.c:314: undefined reference to `HAL_GPIO_SetBits'
C:/ST/STM32CubeIDE_1.13.2/STM32CubeIDE/plugins/com.st.stm32cube.ide.mcu.externaltools.gnu-tools-for-stm32.11.3.rel1.win32_1.1.1.202309131626/tools/bin/../lib/gcc/arm-none-eabi/11.3.1/../../../../arm-none-eabi/bin/ld.exe: C:/Users/User/STM32CubeIDE/STM32_CubeIDE_Workspace/7 seg display_counter mode/Debug/../Core/Src/main.c:317: undefined reference to `HAL_GPIO_SetBits'
C:/ST/STM32CubeIDE_1.13.2/STM32CubeIDE/plugins/com.st.stm32cube.ide.mcu.externaltools.gnu-tools-for-stm32.11.3.rel1.win32_1.1.1.202309131626/tools/bin/../lib/gcc/arm-none-eabi/11.3.1/../../../../arm-none-eabi/bin/ld.exe: C:/Users/User/STM32CubeIDE/STM32_CubeIDE_Workspace/7 seg display_counter mode/Debug/../Core/Src/main.c:318: undefined reference to `HAL_GPIO_ResetBits'
C:/ST/STM32CubeIDE_1.13.2/STM32CubeIDE/plugins/com.st.stm32cube.ide.mcu.externaltools.gnu-tools-for-stm32.11.3.rel1.win32_1.1.1.202309131626/tools/bin/../lib/gcc/arm-none-eabi/11.3.1/../../../../arm-none-eabi/bin/ld.exe: C:/Users/User/STM32CubeIDE/STM32_CubeIDE_Workspace/7 seg display_counter mode/Debug/../Core/Src/main.c:320: undefined reference to `HAL_GPIO_SetBits'
C:/ST/STM32CubeIDE_1.13.2/STM32CubeIDE/plugins/com.st.stm32cube.ide.mcu.externaltools.gnu-tools-for-stm32.11.3.rel1.win32_1.1.1.202309131626/tools/bin/../lib/gcc/arm-none-eabi/11.3.1/../../../../arm-none-eabi/bin/ld.exe: C:/Users/User/STM32CubeIDE/STM32_CubeIDE_Workspace/7 seg display_counter mode/Debug/../Core/Src/main.c:321: undefined reference to `HAL_GPIO_ResetBits'
C:/ST/STM32CubeIDE_1.13.2/STM32CubeIDE/plugins/com.st.stm32cube.ide.mcu.externaltools.gnu-tools-for-stm32.11.3.rel1.win32_1.1.1.202309131626/tools/bin/../lib/gcc/arm-none-eabi/11.3.1/../../../../arm-none-eabi/bin/ld.exe: C:/Users/User/STM32CubeIDE/STM32_CubeIDE_Workspace/7 seg display_counter mode/Debug/../Core/Src/main.c:323: undefined reference to `HAL_GPIO_SetBits'
C:/ST/STM32CubeIDE_1.13.2/STM32CubeIDE/plugins/com.st.stm32cube.ide.mcu.externaltools.gnu-tools-for-stm32.11.3.rel1.win32_1.1.1.202309131626/tools/bin/../lib/gcc/arm-none-eabi/11.3.1/../../../../arm-none-eabi/bin/ld.exe: C:/Users/User/STM32CubeIDE/STM32_CubeIDE_Workspace/7 seg display_counter mode/Debug/../Core/Src/main.c:324: undefined reference to `HAL_GPIO_ResetBits'
C:/ST/STM32CubeIDE_1.13.2/STM32CubeIDE/plugins/com.st.stm32cube.ide.mcu.externaltools.gnu-tools-for-stm32.11.3.rel1.win32_1.1.1.202309131626/tools/bin/../lib/gcc/arm-none-eabi/11.3.1/../../../../arm-none-eabi/bin/ld.exe: C:/Users/User/STM32CubeIDE/STM32_CubeIDE_Workspace/7 seg display_counter mode/Debug/../Core/Src/main.c:326: undefined reference to `HAL_GPIO_SetBits'
C:/ST/STM32CubeIDE_1.13.2/STM32CubeIDE/plugins/com.st.stm32cube.ide.mcu.externaltools.gnu-tools-for-stm32.11.3.rel1.win32_1.1.1.202309131626/tools/bin/../lib/gcc/arm-none-eabi/11.3.1/../../../../arm-none-eabi/bin/ld.exe: C:/Users/User/STM32CubeIDE/STM32_CubeIDE_Workspace/7 seg display_counter mode/Debug/../Core/Src/main.c:327: undefined reference to `HAL_GPIO_ResetBits'
C:/ST/STM32CubeIDE_1.13.2/STM32CubeIDE/plugins/com.st.stm32cube.ide.mcu.externaltools.gnu-tools-for-stm32.11.3.rel1.win32_1.1.1.202309131626/tools/bin/../lib/gcc/arm-none-eabi/11.3.1/../../../../arm-none-eabi/bin/ld.exe: C:/Users/User/STM32CubeIDE/STM32_CubeIDE_Workspace/7 seg display_counter mode/Debug/../Core/Src/main.c:329: undefined reference to `HAL_GPIO_SetBits'
C:/ST/STM32CubeIDE_1.13.2/STM32CubeIDE/plugins/com.st.stm32cube.ide.mcu.externaltools.gnu-tools-for-stm32.11.3.rel1.win32_1.1.1.202309131626/tools/bin/../lib/gcc/arm-none-eabi/11.3.1/../../../../arm-none-eabi/bin/ld.exe: C:/Users/User/STM32CubeIDE/STM32_CubeIDE_Workspace/7 seg display_counter mode/Debug/../Core/Src/main.c:330: undefined reference to `HAL_GPIO_ResetBits'
C:/ST/STM32CubeIDE_1.13.2/STM32CubeIDE/plugins/com.st.stm32cube.ide.mcu.externaltools.gnu-tools-for-stm32.11.3.rel1.win32_1.1.1.202309131626/tools/bin/../lib/gcc/arm-none-eabi/11.3.1/../../../../arm-none-eabi/bin/ld.exe: C:/Users/User/STM32CubeIDE/STM32_CubeIDE_Workspace/7 seg display_counter mode/Debug/../Core/Src/main.c:332: undefined reference to `HAL_GPIO_SetBits'
C:/ST/STM32CubeIDE_1.13.2/STM32CubeIDE/plugins/com.st.stm32cube.ide.mcu.externaltools.gnu-tools-for-stm32.11.3.rel1.win32_1.1.1.202309131626/tools/bin/../lib/gcc/arm-none-eabi/11.3.1/../../../../arm-none-eabi/bin/ld.exe: C:/Users/User/STM32CubeIDE/STM32_CubeIDE_Workspace/7 seg display_counter mode/Debug/../Core/Src/main.c:333: undefined reference to `HAL_GPIO_ResetBits'
C:/ST/STM32CubeIDE_1.13.2/STM32CubeIDE/plugins/com.st.stm32cube.ide.mcu.externaltools.gnu-tools-for-stm32.11.3.rel1.win32_1.1.1.202309131626/tools/bin/../lib/gcc/arm-none-eabi/11.3.1/../../../../arm-none-eabi/bin/ld.exe: C:/Users/User/STM32CubeIDE/STM32_CubeIDE_Workspace/7 seg display_counter mode/Debug/../Core/Src/main.c:335: undefined reference to `HAL_GPIO_SetBits'
C:/ST/STM32CubeIDE_1.13.2/STM32CubeIDE/plugins/com.st.stm32cube.ide.mcu.externaltools.gnu-tools-for-stm32.11.3.rel1.win32_1.1.1.202309131626/tools/bin/../lib/gcc/arm-none-eabi/11.3.1/../../../../arm-none-eabi/bin/ld.exe: C:/Users/User/STM32CubeIDE/STM32_CubeIDE_Workspace/7 seg display_counter mode/Debug/../Core/Src/main.c:336: undefined reference to `HAL_GPIO_ResetBits'
C:/ST/STM32CubeIDE_1.13.2/STM32CubeIDE/plugins/com.st.stm32cube.ide.mcu.externaltools.gnu-tools-for-stm32.11.3.rel1.win32_1.1.1.202309131626/tools/bin/../lib/gcc/arm-none-eabi/11.3.1/../../../../arm-none-eabi/bin/ld.exe: C:/Users/User/STM32CubeIDE/STM32_CubeIDE_Workspace/7 seg display_counter mode/Debug/../Core/Src/main.c:338: undefined reference to `HAL_GPIO_SetBits'
C:/ST/STM32CubeIDE_1.13.2/STM32CubeIDE/plugins/com.st.stm32cube.ide.mcu.externaltools.gnu-tools-for-stm32.11.3.rel1.win32_1.1.1.202309131626/tools/bin/../lib/gcc/arm-none-eabi/11.3.1/../../../../arm-none-eabi/bin/ld.exe: C:/Users/User/STM32CubeIDE/STM32_CubeIDE_Workspace/7 seg display_counter mode/Debug/../Core/Src/main.c:339: undefined reference to `GPIO_ResetBits'
collect2.exe: error: ld returned 1 exit status
make: *** [makefile:64: 7 seg display_counter mode.elf] Error 1
"make -j4 all" terminated with exit code 2. Build might be incomplete.

15:11:54 Build Failed. 67 errors, 5 warnings. (took 1s.178ms)

