14:34:28 **** Incremental Build of configuration Debug for project 7seg display ****
make -j4 all 
arm-none-eabi-gcc "../Core/Src/main.c" -mcpu=cortex-m4 -std=gnu11 -g3 -DDEBUG -DUSE_HAL_DRIVER -DSTM32F407xx -c -I../Core/Inc -I../Drivers/STM32F4xx_HAL_Driver/Inc -I../Drivers/STM32F4xx_HAL_Driver/Inc/Legacy -I../Drivers/CMSIS/Device/ST/STM32F4xx/Include -I../Drivers/CMSIS/Include -O0 -ffunction-sections -fdata-sections -Wall -fstack-usage -fcyclomatic-complexity -MMD -MP -MF"Core/Src/main.d" -MT"Core/Src/main.o" --specs=nano.specs -mfpu=fpv4-sp-d16 -mfloat-abi=hard -mthumb -o "Core/Src/main.o"
arm-none-eabi-gcc "../Core/Src/system_stm32f4xx.c" -mcpu=cortex-m4 -std=gnu11 -g3 -DDEBUG -DUSE_HAL_DRIVER -DSTM32F407xx -c -I../Core/Inc -I../Drivers/STM32F4xx_HAL_Driver/Inc -I../Drivers/STM32F4xx_HAL_Driver/Inc/Legacy -I../Drivers/CMSIS/Device/ST/STM32F4xx/Include -I../Drivers/CMSIS/Include -O0 -ffunction-sections -fdata-sections -Wall -fstack-usage -fcyclomatic-complexity -MMD -MP -MF"Core/Src/system_stm32f4xx.d" -MT"Core/Src/system_stm32f4xx.o" --specs=nano.specs -mfpu=fpv4-sp-d16 -mfloat-abi=hard -mthumb -o "Core/Src/system_stm32f4xx.o"
../Core/Src/main.c:58:13: warning: 'MX_GPIO_Init' used but never defined
   58 | static void MX_GPIO_Init(void);
      |             ^~~~~~~~~~~~
../Core/Src/main.c:189:6: warning: 'SegDisplay_U' defined but not used [-Wunused-function]
  189 | void SegDisplay_U(uint16_t chiffre){
      |      ^~~~~~~~~~~~
../Core/Src/main.c:161:6: warning: 'MX_GPIO_Init' defined but not used [-Wunused-function]
  161 | void MX_GPIO_Init(void)
      |      ^~~~~~~~~~~~
../Core/Src/main.c:119:6: warning: 'SystemClock_Config' defined but not used [-Wunused-function]
  119 | void SystemClock_Config(void)
      |      ^~~~~~~~~~~~~~~~~~
arm-none-eabi-gcc -o "7seg display.elf" @"objects.list"   -mcpu=cortex-m4 -T"C:\Users\User\STM32CubeIDE\STM32_CubeIDE_Workspace\HAL Based Projects\7seg display\STM32F407VGTX_FLASH.ld" --specs=nosys.specs -Wl,-Map="7seg display.map" -Wl,--gc-sections -static --specs=nano.specs -mfpu=fpv4-sp-d16 -mfloat-abi=hard -mthumb -Wl,--start-group -lc -lm -Wl,--end-group
C:/ST/STM32CubeIDE_1.13.2/STM32CubeIDE/plugins/com.st.stm32cube.ide.mcu.externaltools.gnu-tools-for-stm32.11.3.rel1.win32_1.1.1.202309131626/tools/bin/../lib/gcc/arm-none-eabi/11.3.1/../../../../arm-none-eabi/bin/ld.exe: ./Core/Src/main.o: in function `main':
C:/Users/User/STM32CubeIDE/STM32_CubeIDE_Workspace/HAL Based Projects/7seg display/Debug/../Core/Src/main.c:88: undefined reference to `SystemClock_Config'
C:/ST/STM32CubeIDE_1.13.2/STM32CubeIDE/plugins/com.st.stm32cube.ide.mcu.externaltools.gnu-tools-for-stm32.11.3.rel1.win32_1.1.1.202309131626/tools/bin/../lib/gcc/arm-none-eabi/11.3.1/../../../../arm-none-eabi/bin/ld.exe: C:/Users/User/STM32CubeIDE/STM32_CubeIDE_Workspace/HAL Based Projects/7seg display/Debug/../Core/Src/main.c:95: undefined reference to `MX_GPIO_Init'
C:/ST/STM32CubeIDE_1.13.2/STM32CubeIDE/plugins/com.st.stm32cube.ide.mcu.externaltools.gnu-tools-for-stm32.11.3.rel1.win32_1.1.1.202309131626/tools/bin/../lib/gcc/arm-none-eabi/11.3.1/../../../../arm-none-eabi/bin/ld.exe: C:/Users/User/STM32CubeIDE/STM32_CubeIDE_Workspace/HAL Based Projects/7seg display/Debug/../Core/Src/main.c:109: undefined reference to `SegDisplay_U'
collect2.exe: error: ld returned 1 exit status
make: *** [makefile:64: 7seg display.elf] Error 1
"make -j4 all" terminated with exit code 2. Build might be incomplete.

14:34:30 Build Failed. 5 errors, 4 warnings. (took 1s.522ms)

